<?xml version="1.0" encoding="UTF-8"?>
<coverage generated="1569639090967" clover="3.2.0">
  <project timestamp="1569639090967" name="All files">
    <metrics statements="14" coveredstatements="7" conditionals="6" coveredconditionals="2" methods="6" coveredmethods="3" elements="26" coveredelements="12" complexity="0" loc="14" ncloc="14" packages="1" files="1" classes="1"/>
    <file name="url.ts" path="/Users/tianlong/Documents/project/first-taro/src/utils/url.ts">
      <metrics statements="14" coveredstatements="7" conditionals="6" coveredconditionals="2" methods="6" coveredmethods="3"/>
      <line num="1" count="1" type="cond" truecount="2" falsecount="0"/>
      <line num="7" count="1" type="stmt"/>
      <line num="8" count="3" type="stmt"/>
      <line num="9" count="6" type="stmt"/>
      <line num="17" count="1" type="stmt"/>
      <line num="18" count="0" type="stmt"/>
      <line num="19" count="0" type="stmt"/>
      <line num="20" count="0" type="cond" truecount="0" falsecount="2"/>
      <line num="21" count="0" type="stmt"/>
      <line num="22" count="0" type="stmt"/>
      <line num="24" count="0" type="stmt"/>
      <line num="31" count="1" type="stmt"/>
      <line num="32" count="0" type="cond" truecount="0" falsecount="2"/>
      <line num="36" count="1" type="stmt"/>
    </file>
  </project>
</coverage>
