{"/Users/tianlong/Documents/project/first-taro/src/utils/url.ts": {"path":"/Users/tianlong/Documents/project/first-taro/src/utils/url.ts","statementMap":{"0":{"start":{"line":1,"column":0},"end":{"line":1,"column":null}},"1":{"start":{"line":8,"column":4},"end":{"line":10,"column":null}},"2":{"start":{"line":9,"column":6},"end":{"line":9,"column":null}},"3":{"start":{"line":7,"column":18},"end":{"line":11,"column":null}},"4":{"start":{"line":18,"column":14},"end":{"line":18,"column":16}},"5":{"start":{"line":19,"column":20},"end":{"line":19,"column":63}},"6":{"start":{"line":20,"column":4},"end":{"line":23,"column":null}},"7":{"start":{"line":21,"column":20},"end":{"line":21,"column":35}},"8":{"start":{"line":22,"column":6},"end":{"line":22,"column":null}},"9":{"start":{"line":24,"column":4},"end":{"line":24,"column":null}},"10":{"start":{"line":17,"column":18},"end":{"line":25,"column":null}},"11":{"start":{"line":32,"column":4},"end":{"line":32,"column":null}},"12":{"start":{"line":31,"column":18},"end":{"line":33,"column":null}},"13":{"start":{"line":36,"column":13},"end":{"line":36,"column":null}}},"fnMap":{"0":{"name":"(anonymous_0)","decl":{"start":{"line":1,"column":0},"end":{"line":1,"column":10}},"loc":{"start":{"line":1,"column":13},"end":{"line":34,"column":1}}},"1":{"name":"join","decl":{"start":{"line":7,"column":18},"end":{"line":7,"column":22}},"loc":{"start":{"line":7,"column":40},"end":{"line":11,"column":3}}},"2":{"name":"(anonymous_2)","decl":{"start":{"line":8,"column":20},"end":{"line":8,"column":23}},"loc":{"start":{"line":8,"column":26},"end":{"line":10,"column":5}}},"3":{"name":"getParams","decl":{"start":{"line":17,"column":18},"end":{"line":17,"column":27}},"loc":{"start":{"line":17,"column":32},"end":{"line":25,"column":3}}},"4":{"name":"(anonymous_4)","decl":{"start":{"line":20,"column":46},"end":{"line":20,"column":50}},"loc":{"start":{"line":20,"column":53},"end":{"line":23,"column":5}}},"5":{"name":"isFullPath","decl":{"start":{"line":31,"column":18},"end":{"line":31,"column":28}},"loc":{"start":{"line":31,"column":33},"end":{"line":33,"column":3}}}},"branchMap":{"0":{"loc":{"start":{"line":20,"column":4},"end":{"line":20,"column":13}},"type":"binary-expr","locations":[{"start":{"line":20,"column":4},"end":{"line":20,"column":13}},{"start":{"line":20,"column":17},"end":{"line":23,"column":6}}]},"1":{"loc":{"start":{"line":32,"column":11},"end":{"line":32,"column":34}},"type":"binary-expr","locations":[{"start":{"line":32,"column":11},"end":{"line":32,"column":34}},{"start":{"line":32,"column":38},"end":{"line":32,"column":60}}]},"2":{"loc":{"start":{"line":1,"column":10},"end":{"line":1,"column":13}},"type":"binary-expr","locations":[{"start":{"line":1,"column":10},"end":{"line":1,"column":13}},{"start":{"line":1,"column":10},"end":{"line":1,"column":null}}]}},"s":{"0":1,"1":3,"2":6,"3":1,"4":0,"5":0,"6":0,"7":0,"8":0,"9":0,"10":1,"11":0,"12":1,"13":1},"f":{"0":1,"1":3,"2":6,"3":0,"4":0,"5":0},"b":{"0":[0,0],"1":[0,0],"2":[1,1]}}
}
