TN:
SF:/Users/tianlong/Documents/project/first-taro/src/utils/url.ts
FN:1,(anonymous_0)
FN:7,join
FN:8,(anonymous_2)
FN:17,getParams
FN:20,(anonymous_4)
FN:31,isFullPath
FNF:6
FNH:3
FNDA:1,(anonymous_0)
FNDA:3,join
FNDA:6,(anonymous_2)
FNDA:0,getParams
FNDA:0,(anonymous_4)
FNDA:0,isFullPath
DA:1,1
DA:7,1
DA:8,3
DA:9,6
DA:17,1
DA:18,0
DA:19,0
DA:20,0
DA:21,0
DA:22,0
DA:24,0
DA:31,1
DA:32,0
DA:36,1
LF:14
LH:7
BRDA:20,0,0,0
BRDA:20,0,1,0
BRDA:32,1,0,0
BRDA:32,1,1,0
BRDA:1,2,0,1
BRDA:1,2,1,1
BRF:6
BRH:2
end_of_record
